0 info it worked if it ends with ok
1 verbose cli [ '/Users/misoca/.nvm/versions/node/v6.2.0/bin/node',
1 verbose cli   '/Users/misoca/.nvm/versions/node/v6.2.0/bin/npm',
1 verbose cli   'run',
1 verbose cli   'deploy' ]
2 info using npm@3.8.9
3 info using node@v6.2.0
4 verbose run-script [ 'predeploy', 'deploy', 'postdeploy' ]
5 info lifecycle sprint2-bot-advanced-challenge@1.0.0~predeploy: sprint2-bot-advanced-challenge@1.0.0
6 silly lifecycle sprint2-bot-advanced-challenge@1.0.0~predeploy: no script for predeploy, continuing
7 info lifecycle sprint2-bot-advanced-challenge@1.0.0~deploy: sprint2-bot-advanced-challenge@1.0.0
8 verbose lifecycle sprint2-bot-advanced-challenge@1.0.0~deploy: unsafe-perm in lifecycle true
9 verbose lifecycle sprint2-bot-advanced-challenge@1.0.0~deploy: PATH: /Users/misoca/.nvm/versions/node/v6.2.0/lib/node_modules/npm/bin/node-gyp-bin:/Users/misoca/work/bot-chat/node_modules/.bin:/Users/misoca/.nvm/versions/node/v6.2.0/bin:/Users/misoca/.nvm/versions/node/v6.2.0/bin:/Users/misoca/Desktop/google-cloud-sdk/bin:/Users/misoca/.rvm/gems/ruby-2.3.0/bin:/Users/misoca/.rvm/gems/ruby-2.3.0@global/bin:/Users/misoca/.rvm/rubies/ruby-2.3.0/bin:/usr/local/bin:/usr/bin:/bin:/usr/sbin:/sbin:/opt/ImageMagick/bin:/usr/texbin:/Users/misoca:/Users/misoca/.rvm/bin
10 verbose lifecycle sprint2-bot-advanced-challenge@1.0.0~deploy: CWD: /Users/misoca/work/bot-chat
11 silly lifecycle sprint2-bot-advanced-challenge@1.0.0~deploy: Args: [ '-c', 'gcloud preview app deploy --project chatty-1326' ]
12 silly lifecycle sprint2-bot-advanced-challenge@1.0.0~deploy: Returned: code: 1  signal: null
13 info lifecycle sprint2-bot-advanced-challenge@1.0.0~deploy: Failed to exec deploy script
14 verbose stack Error: sprint2-bot-advanced-challenge@1.0.0 deploy: `gcloud preview app deploy --project chatty-1326`
14 verbose stack Exit status 1
14 verbose stack     at EventEmitter.<anonymous> (/Users/misoca/.nvm/versions/node/v6.2.0/lib/node_modules/npm/lib/utils/lifecycle.js:245:16)
14 verbose stack     at emitTwo (events.js:106:13)
14 verbose stack     at EventEmitter.emit (events.js:191:7)
14 verbose stack     at ChildProcess.<anonymous> (/Users/misoca/.nvm/versions/node/v6.2.0/lib/node_modules/npm/lib/utils/spawn.js:24:14)
14 verbose stack     at emitTwo (events.js:106:13)
14 verbose stack     at ChildProcess.emit (events.js:191:7)
14 verbose stack     at maybeClose (internal/child_process.js:850:16)
14 verbose stack     at Process.ChildProcess._handle.onexit (internal/child_process.js:215:5)
15 verbose pkgid sprint2-bot-advanced-challenge@1.0.0
16 verbose cwd /Users/misoca/work/bot-chat
17 error Darwin 15.4.0
18 error argv "/Users/misoca/.nvm/versions/node/v6.2.0/bin/node" "/Users/misoca/.nvm/versions/node/v6.2.0/bin/npm" "run" "deploy"
19 error node v6.2.0
20 error npm  v3.8.9
21 error code ELIFECYCLE
22 error sprint2-bot-advanced-challenge@1.0.0 deploy: `gcloud preview app deploy --project chatty-1326`
22 error Exit status 1
23 error Failed at the sprint2-bot-advanced-challenge@1.0.0 deploy script 'gcloud preview app deploy --project chatty-1326'.
23 error Make sure you have the latest version of node.js and npm installed.
23 error If you do, this is most likely a problem with the sprint2-bot-advanced-challenge package,
23 error not with npm itself.
23 error Tell the author that this fails on your system:
23 error     gcloud preview app deploy --project chatty-1326
23 error You can get information on how to open an issue for this project with:
23 error     npm bugs sprint2-bot-advanced-challenge
23 error Or if that isn't available, you can get their info via:
23 error     npm owner ls sprint2-bot-advanced-challenge
23 error There is likely additional logging output above.
24 verbose exit [ 1, true ]
